nohup: appending output to ‘nohup.out’
INFO [01-16|05:52:56] Starting peer-to-peer node               instance=Geth/v1.6.7-unstable-edb37e96/linux-amd64/go1.7.3
INFO [01-16|05:52:56] Allocated cache and file handles         database=/home/walker088/NCCU/NCCU-BFT-for-Go-Ethereum/examples/data/node1/geth/chaindata cache=128 handles=1024
WARN [01-16|05:52:56] Upgrading chain database to use sequential keys 
INFO [01-16|05:52:56] Initialised chain configuration          config="{ChainID: 2234 Homestead: 1 DAO: <nil> DAOSupport: false EIP150: 2 EIP155: 3 EIP158: 3 Metropolis: <nil> Engine: ethash}"
INFO [01-16|05:52:56] config bft is                            bft=true
WARN [01-16|05:52:56] Upgrading db log bloom bins 
INFO [01-16|05:52:56] Bloom-bin upgrade completed              elapsed=50.667µs
INFO [01-16|05:52:56] Initialising Ethereum protocol           versions="[63 62]" network=2234
INFO [01-16|05:52:56] Database conversion successful 
INFO [01-16|05:52:56] Loaded most recent local header          number=0 hash=10fa08…84109d td=1048576
INFO [01-16|05:52:56] Loaded most recent local full block      number=0 hash=10fa08…84109d td=1048576
INFO [01-16|05:52:56] Loaded most recent local fast block      number=0 hash=10fa08…84109d td=1048576
INFO [01-16|05:52:56] Allocated cache and file handles         database=/home/walker088/NCCU/NCCU-BFT-for-Go-Ethereum/examples/data/node1/geth/bftData   cache=128 handles=1024
INFO [01-16|05:52:56] Starting P2P networking 
INFO [01-16|05:52:56] RLPx listener up                         self="enode://d67104e65b61fca1fc73a74175667c11f16c037fa8e414499189df9d68706aca6e1a1b4ea02b702f101eb609c4cd2964d4790047a06458ba8a1a19040ab1fe0d@[::]:30303?discport=0"
INFO [01-16|05:52:56] HTTP endpoint opened: http://127.0.0.1:8545 
INFO [01-16|05:52:56] IPC endpoint opened: /home/walker088/NCCU/NCCU-BFT-for-Go-Ethereum/examples/data/node1/geth.ipc 
INFO [01-16|05:52:56] send Ready msg 
INFO [01-16|05:52:57] send Ready msg 
INFO [01-16|05:52:57] send Ready msg 
INFO [01-16|05:52:57] send Ready msg 
INFO [01-16|05:52:57] send Ready msg 
INFO [01-16|05:52:57] send Ready msg 
INFO [01-16|05:52:57] send Ready msg 
INFO [01-16|05:52:57] send Ready msg 
INFO [01-16|05:52:57] send Ready msg 
INFO [01-16|05:52:57] send Ready msg 
INFO [01-16|05:52:57] send Ready msg 
INFO [01-16|05:52:57] send Ready msg 
INFO [01-16|05:52:57] send Ready msg 
INFO [01-16|05:52:57] send Ready msg 
INFO [01-16|05:52:57] send Ready msg 
INFO [01-16|05:52:57] send Ready msg 
INFO [01-16|05:52:57] send Ready msg 
INFO [01-16|05:52:57] send Ready msg 
Terminated
