nohup: appending output to ‘nohup.out’
WARN [01-16|05:52:56] No etherbase set and no accounts found as default 
INFO [01-16|05:52:56] Starting peer-to-peer node               instance=Geth/v1.6.7-unstable-edb37e96/linux-amd64/go1.7.3
INFO [01-16|05:52:56] Allocated cache and file handles         database=/home/walker088/NCCU/NCCU-BFT-for-Go-Ethereum/examples/data/node3/geth/chaindata cache=128 handles=1024
WARN [01-16|05:52:56] Upgrading chain database to use sequential keys 
INFO [01-16|05:52:56] Database conversion successful 
INFO [01-16|05:52:56] Initialised chain configuration          config="{ChainID: 2234 Homestead: 1 DAO: <nil> DAOSupport: false EIP150: 2 EIP155: 3 EIP158: 3 Metropolis: <nil> Engine: ethash}"
INFO [01-16|05:52:56] config bft is                            bft=true
WARN [01-16|05:52:56] Upgrading db log bloom bins 
INFO [01-16|05:52:56] Bloom-bin upgrade completed              elapsed=42.467µs
INFO [01-16|05:52:56] Initialising Ethereum protocol           versions="[63 62]" network=2234
INFO [01-16|05:52:56] Loaded most recent local header          number=0 hash=10fa08…84109d td=1048576
INFO [01-16|05:52:56] Loaded most recent local full block      number=0 hash=10fa08…84109d td=1048576
INFO [01-16|05:52:56] Loaded most recent local fast block      number=0 hash=10fa08…84109d td=1048576
INFO [01-16|05:52:56] Allocated cache and file handles         database=/home/walker088/NCCU/NCCU-BFT-for-Go-Ethereum/examples/data/node3/geth/bftData   cache=128 handles=1024
INFO [01-16|05:52:56] Starting P2P networking 
INFO [01-16|05:52:56] RLPx listener up                         self="enode://94dd98401cf6ca0418580bb77ad0606a35ae8f442b22ab0f81011d8d2c78e70ff779c1d53d015640d79a13f0be99161ae3ff3adb60633ca03a7b542cbe116882@[::]:30305?discport=0"
INFO [01-16|05:52:56] IPC endpoint opened: /home/walker088/NCCU/NCCU-BFT-for-Go-Ethereum/examples/data/node3/geth.ipc 
INFO [01-16|05:52:56] HTTP endpoint opened: http://127.0.0.1:8547 
INFO [01-16|05:52:57] send Ready msg 
INFO [01-16|05:52:57] send Ready msg 
INFO [01-16|05:52:57] send Ready msg 
INFO [01-16|05:52:57] send Ready msg 
INFO [01-16|05:52:57] send Ready msg 
INFO [01-16|05:52:57] send Ready msg 
INFO [01-16|05:52:57] send Ready msg 
INFO [01-16|05:52:57] send Ready msg 
INFO [01-16|05:52:57] send Ready msg 
INFO [01-16|05:52:57] send Ready msg 
INFO [01-16|05:52:57] send Ready msg 
INFO [01-16|05:52:57] send Ready msg 
INFO [01-16|05:52:57] send Ready msg 
INFO [01-16|05:52:57] send Ready msg 
INFO [01-16|05:52:57] send Ready msg 
INFO [01-16|05:52:57] send Ready msg 
INFO [01-16|05:52:57] send Ready msg 
Terminated
